[debug] [2024-04-04T12:13:34.216Z] ----------------------------------------------------------------------
[debug] [2024-04-04T12:13:34.218Z] Command:       C:\Program Files\nodejs\node.exe C:\Users\VINAYAK\AppData\Roaming\npm\node_modules\firebase-tools\lib\bin\firebase.js init
[debug] [2024-04-04T12:13:34.218Z] CLI Version:   13.6.1
[debug] [2024-04-04T12:13:34.219Z] Platform:      win32
[debug] [2024-04-04T12:13:34.219Z] Node Version:  v18.16.0
[debug] [2024-04-04T12:13:34.220Z] Time:          Thu Apr 04 2024 17:43:34 GMT+0530 (India Standard Time)
[debug] [2024-04-04T12:13:34.220Z] ----------------------------------------------------------------------
[debug] 
[debug] [2024-04-04T12:13:34.227Z] > command requires scopes: ["email","openid","https://www.googleapis.com/auth/cloudplatformprojects.readonly","https://www.googleapis.com/auth/firebase","https://www.googleapis.com/auth/cloud-platform"]
[debug] [2024-04-04T12:13:34.228Z] > authorizing via signed-in user (vinayak.vallakati@gmail.com)
[info] 
     ######## #### ########  ######## ########     ###     ######  ########
     ##        ##  ##     ## ##       ##     ##  ##   ##  ##       ##
     ######    ##  ########  ######   ########  #########  ######  ######
     ##        ##  ##    ##  ##       ##     ## ##     ##       ## ##
     ##       #### ##     ## ######## ########  ##     ##  ######  ########

You're about to initialize a Firebase project in this directory:

  D:\MERN STACK\All projects\funngrow

[info] 
=== Project Setup
[info] 
[info] First, let's associate this project directory with a Firebase project.
[info] You can create multiple project aliases by running firebase use --add, 
[info] but for now we'll just set up a default project.
[info] 
[debug] [2024-04-04T12:14:12.321Z] >>> [apiv2][query] GET https://firebase.googleapis.com/v1beta1/projects pageSize=100
[debug] [2024-04-04T12:14:13.068Z] <<< [apiv2][status] GET https://firebase.googleapis.com/v1beta1/projects 200
[debug] [2024-04-04T12:14:13.068Z] <<< [apiv2][body] GET https://firebase.googleapis.com/v1beta1/projects [omitted]
[info] i  Using project fungroww-bda10 (fungroww) 
[info] 
=== Hosting Setup
[debug] [2024-04-04T12:14:16.732Z] >>> [apiv2][query] GET https://firebase.googleapis.com/v1beta1/projects/fungroww-bda10 [none]
[debug] [2024-04-04T12:14:17.245Z] <<< [apiv2][status] GET https://firebase.googleapis.com/v1beta1/projects/fungroww-bda10 200
[debug] [2024-04-04T12:14:17.245Z] <<< [apiv2][body] GET https://firebase.googleapis.com/v1beta1/projects/fungroww-bda10 {"projectId":"fungroww-bda10","projectNumber":"646222981560","displayName":"fungroww","name":"projects/fungroww-bda10","resources":{"hostingSite":"fungroww-bda10"},"state":"ACTIVE","etag":"1_1f0b8dea-af7c-4bcf-bb92-0fb7464e5b48"}
[info] 
[info] Your public directory is the folder (relative to your project directory) that
[info] will contain Hosting assets to be uploaded with firebase deploy. If you
[info] have a build process for your assets, use your build's output directory.
[info] 
[info] +  Wrote public/404.html 
[debug] [2024-04-04T12:16:22.328Z] >>> [apiv2][query] GET https://www.gstatic.com/firebasejs/releases.json [none]
[debug] [2024-04-04T12:16:22.425Z] <<< [apiv2][status] GET https://www.gstatic.com/firebasejs/releases.json 200
[debug] [2024-04-04T12:16:22.425Z] <<< [apiv2][body] GET https://www.gstatic.com/firebasejs/releases.json {"current":{"version":"10.10.0","browserURL":"https://www.gstatic.com/firebasejs/10.10.0/firebase.js","packageURL":"https://www.gstatic.com/firebasejs/10.10.0/firebase.tgz"},"live":{"version":"10.10","browserURL":"https://www.gstatic.com/firebasejs/live/10.10/firebase.js","packageURL":"https://www.gstatic.com/firebasejs/live/10.10/firebase.tgz"},"components":{"analytics":"https://www.gstatic.com/firebasejs/10.10.0/firebase-analytics.js","app":"https://www.gstatic.com/firebasejs/10.10.0/firebase-app.js","app-check":"https://www.gstatic.com/firebasejs/10.10.0/firebase-app-check.js","auth":"https://www.gstatic.com/firebasejs/10.10.0/firebase-auth.js","auth/cordova":"https://www.gstatic.com/firebasejs/10.10.0/firebase-auth/cordova.js","auth/web-extension":"https://www.gstatic.com/firebasejs/10.10.0/firebase-auth/web-extension.js","functions":"https://www.gstatic.com/firebasejs/10.10.0/firebase-functions.js","firestore":"https://www.gstatic.com/firebasejs/10.10.0/firebase-firestore.js","firestore/lite":"https://www.gstatic.com/firebasejs/10.10.0/firebase-firestore/lite.js","installations":"https://www.gstatic.com/firebasejs/10.10.0/firebase-installations.js","storage":"https://www.gstatic.com/firebasejs/10.10.0/firebase-storage.js","performance":"https://www.gstatic.com/firebasejs/10.10.0/firebase-performance.js","remote-config":"https://www.gstatic.com/firebasejs/10.10.0/firebase-remote-config.js","messaging":"https://www.gstatic.com/firebasejs/10.10.0/firebase-messaging.js","messaging/sw":"https://www.gstatic.com/firebasejs/10.10.0/firebase-messaging/sw.js","database":"https://www.gstatic.com/firebasejs/10.10.0/firebase-database.js","firestore.memory":"https://www.gstatic.com/firebasejs/10.10.0/firebase-firestore.memory.js"}}
[info] i  Skipping write of public/index.html 
[info] 
[info] i  Writing configuration info to firebase.json... 
[info] i  Writing project information to .firebaserc... 
[info] i  Writing gitignore file to .gitignore... 
[info] 
[info] +  Firebase initialization complete! 
